
> build
> vite build

[36mvite v6.4.1 [32mbuilding for production...[36m[39m
transforming...
[32m✓[39m 1366 modules transformed.
\n[31m✗[39m Build failed in 1.47s
[31merror during build:
[31m[vite]: Rollup failed to resolve import "victory-vendor/d3-shape" from "D:/Arquivos Elite/Cloud-Drive_alceujr.ab@gmail.com/Alceu Sistemas/laracrm/laracrm/node_modules/recharts/es6/shape/Symbols.js".
This is most likely unintended because it can break your application at runtime.
If you do want to externalize this module explicitly add it to
`build.rollupOptions.external`[31m
    at viteLog (file:///D:/Arquivos%20Elite/Cloud-Drive_alceujr.ab@gmail.com/Alceu%20Sistemas/laracrm/laracrm/node_modules/vite/dist/node/chunks/dep-D4NMHUTW.js:46374:15)
    at file:///D:/Arquivos%20Elite/Cloud-Drive_alceujr.ab@gmail.com/Alceu%20Sistemas/laracrm/laracrm/node_modules/vite/dist/node/chunks/dep-D4NMHUTW.js:46432:18
    at onwarn (file:///D:/Arquivos%20Elite/Cloud-Drive_alceujr.ab@gmail.com/Alceu%20Sistemas/laracrm/laracrm/node_modules/@vitejs/plugin-react/dist/index.js:90:7)
    at file:///D:/Arquivos%20Elite/Cloud-Drive_alceujr.ab@gmail.com/Alceu%20Sistemas/laracrm/laracrm/node_modules/vite/dist/node/chunks/dep-D4NMHUTW.js:46430:7
    at onRollupLog (file:///D:/Arquivos%20Elite/Cloud-Drive_alceujr.ab@gmail.com/Alceu%20Sistemas/laracrm/laracrm/node_modules/vite/dist/node/chunks/dep-D4NMHUTW.js:46422:5)
    at onLog (file:///D:/Arquivos%20Elite/Cloud-Drive_alceujr.ab@gmail.com/Alceu%20Sistemas/laracrm/laracrm/node_modules/vite/dist/node/chunks/dep-D4NMHUTW.js:46072:7)
    at file:///D:/Arquivos%20Elite/Cloud-Drive_alceujr.ab@gmail.com/Alceu%20Sistemas/laracrm/laracrm/node_modules/rollup/dist/es/shared/node-entry.js:20981:32
    at Object.logger [as onLog] (file:///D:/Arquivos%20Elite/Cloud-Drive_alceujr.ab@gmail.com/Alceu%20Sistemas/laracrm/laracrm/node_modules/rollup/dist/es/shared/node-entry.js:22968:9)
    at ModuleLoader.handleInvalidResolvedId (file:///D:/Arquivos%20Elite/Cloud-Drive_alceujr.ab@gmail.com/Alceu%20Sistemas/laracrm/laracrm/node_modules/rollup/dist/es/shared/node-entry.js:21712:26)
    at file:///D:/Arquivos%20Elite/Cloud-Drive_alceujr.ab@gmail.com/Alceu%20Sistemas/laracrm/laracrm/node_modules/rollup/dist/es/shared/node-entry.js:21670:26[39m
